{
  "stats": {
    "suites": 1,
    "tests": 8,
    "passes": 8,
    "pending": 0,
    "failures": 0,
    "start": "2023-07-19T14:51:17.555Z",
    "end": "2023-07-19T14:51:26.433Z",
    "duration": 8878,
    "testsRegistered": 8,
    "passPercent": 100,
    "pendingPercent": 0,
    "other": 0,
    "hasOther": false,
    "skipped": 0,
    "hasSkipped": false
  },
  "results": [
    {
      "uuid": "25ec8dd5-681e-4e1d-881a-5acd7758468f",
      "title": "",
      "fullFile": "cypress/integration/3-ALURAPIC/alurapic.spec.js",
      "file": "cypress/integration/3-ALURAPIC/alurapic.spec.js",
      "beforeHooks": [],
      "afterHooks": [],
      "tests": [],
      "suites": [
        {
          "uuid": "99510766-d59c-4fcf-920d-64d6343d5760",
          "title": "Login e registro de usuarios alura pic",
          "fullFile": "",
          "file": "",
          "beforeHooks": [],
          "afterHooks": [],
          "tests": [
            {
              "title": "verifica mensagens validacao",
              "fullTitle": "Login e registro de usuarios alura pic verifica mensagens validacao",
              "timedOut": null,
              "duration": 1341,
              "state": "passed",
              "speed": "fast",
              "pass": true,
              "fail": false,
              "pending": false,
              "context": null,
              "code": "cy.contains(`a`, `Register now`).click();\ncy.contains(`button`, `Register`).click();\ncy.contains(`ap-vmessage`, `Email is required!`).should(`be.visible`);\ncy.contains(`button`, `Register`).click();\ncy.contains(`ap-vmessage`, `Full name is required!`).should(`be.visible`);\ncy.contains(`ap-vmessage`, `User name is required!`).should(`be.visible`);\ncy.contains(`ap-vmessage`, `Password is required!`).should(`be.visible`);",
              "err": {},
              "uuid": "1558bf62-0e26-40eb-8edf-8e4490e84503",
              "parentUUID": "99510766-d59c-4fcf-920d-64d6343d5760",
              "isHook": false,
              "skipped": false
            },
            {
              "title": "verifica mensagens de email invalido",
              "fullTitle": "Login e registro de usuarios alura pic verifica mensagens de email invalido",
              "timedOut": null,
              "duration": 824,
              "state": "passed",
              "speed": "fast",
              "pass": true,
              "fail": false,
              "pending": false,
              "context": null,
              "code": "cy.contains(`a`, `Register now`).click();\ncy.contains(`button`, `Register`).click();\ncy.get(`input[formcontrolname=\"email\"]`).type(`nadja`);\ncy.contains(`ap-vmessage`, `Invalid e-mail`).should(`be.visible`);",
              "err": {},
              "uuid": "e263fd57-821b-4289-87e0-2d4a115d8a5e",
              "parentUUID": "99510766-d59c-4fcf-920d-64d6343d5760",
              "isHook": false,
              "skipped": false
            },
            {
              "title": "verifica mensagens de senha com menos de 8 caracteres",
              "fullTitle": "Login e registro de usuarios alura pic verifica mensagens de senha com menos de 8 caracteres",
              "timedOut": null,
              "duration": 906,
              "state": "passed",
              "speed": "fast",
              "pass": true,
              "fail": false,
              "pending": false,
              "context": null,
              "code": "cy.contains(`a`, `Register now`).click();\ncy.contains(`button`, `Register`).click();\ncy.get(`input[formcontrolname=\"password\"]`).type(`1234567`);\ncy.contains(`button`, `Register`).click();\ncy.contains(`ap-vmessage`, `Mininum length is 8`).should(`be.visible`);",
              "err": {},
              "uuid": "ce37571d-1b41-4c16-ad35-59827c3ad6fa",
              "parentUUID": "99510766-d59c-4fcf-920d-64d6343d5760",
              "isHook": false,
              "skipped": false
            },
            {
              "title": "verifica mensagens de user name invalido",
              "fullTitle": "Login e registro de usuarios alura pic verifica mensagens de user name invalido",
              "timedOut": null,
              "duration": 1001,
              "state": "passed",
              "speed": "fast",
              "pass": true,
              "fail": false,
              "pending": false,
              "context": null,
              "code": "cy.contains(`a`, `Register now`).click();\ncy.contains(`button`, `Register`).click();\ncy.get(`input[formcontrolname=\"userName\"]`).type(`flavio`);\ncy.contains(`button`, `Register`).click();\ncy.contains(`ap-vmessage`, `Username already taken`).should(`be.visible`);",
              "err": {},
              "uuid": "cd6c8c96-594e-478e-919c-29aa3b6ab728",
              "parentUUID": "99510766-d59c-4fcf-920d-64d6343d5760",
              "isHook": false,
              "skipped": false
            },
            {
              "title": "verifica mensagens de user name com numero maximo de caracteres",
              "fullTitle": "Login e registro de usuarios alura pic verifica mensagens de user name com numero maximo de caracteres",
              "timedOut": null,
              "duration": 1162,
              "state": "passed",
              "speed": "fast",
              "pass": true,
              "fail": false,
              "pending": false,
              "context": null,
              "code": "cy.contains(`a`, `Register now`).click();\ncy.contains(`button`, `Register`).click();\ncy.get(`input[formcontrolname=\"userName\"]`).type(`nnnnnnnnnnnnnnnnnnnnnnnnnnnnnnnnn`);\ncy.contains(`button`, `Register`).click();\ncy.contains(`ap-vmessage`, `Maximun length is 30`).should(`be.visible`);",
              "err": {},
              "uuid": "8070c59d-8eb2-472f-85a0-0e84c3329409",
              "parentUUID": "99510766-d59c-4fcf-920d-64d6343d5760",
              "isHook": false,
              "skipped": false
            },
            {
              "title": "verifica mensagens de user name com numero minimo de caracteres",
              "fullTitle": "Login e registro de usuarios alura pic verifica mensagens de user name com numero minimo de caracteres",
              "timedOut": null,
              "duration": 760,
              "state": "passed",
              "speed": "fast",
              "pass": true,
              "fail": false,
              "pending": false,
              "context": null,
              "code": "cy.contains(`a`, `Register now`).click();\ncy.contains(`button`, `Register`).click();\ncy.get(`input[formcontrolname=\"userName\"]`).type(`n`);\ncy.contains(`button`, `Register`).click();\ncy.contains(`ap-vmessage`, `Mininum length is 2`).should(`be.visible`);",
              "err": {},
              "uuid": "eb879515-96d5-457d-9dbf-4d658f895ebb",
              "parentUUID": "99510766-d59c-4fcf-920d-64d6343d5760",
              "isHook": false,
              "skipped": false
            },
            {
              "title": "verifica mensagens de numero maximo de caracteres no nome",
              "fullTitle": "Login e registro de usuarios alura pic verifica mensagens de numero maximo de caracteres no nome",
              "timedOut": null,
              "duration": 1253,
              "state": "passed",
              "speed": "fast",
              "pass": true,
              "fail": false,
              "pending": false,
              "context": null,
              "code": "cy.contains(`a`, `Register now`).click();\ncy.contains(`button`, `Register`).click();\ncy.get(`input[formcontrolname=\"fullName\"]`).type(`nnnnnnnnnnnnnnnnnnnnnnnnnnnnnnnnnnnnnnnnn`);\ncy.contains(`button`, `Register`).click();\ncy.contains(`ap-vmessage`, `Maximun length is 40`).should(`be.visible`);",
              "err": {},
              "uuid": "9a59d1ce-132b-4507-81d5-4d5eaddbdf1e",
              "parentUUID": "99510766-d59c-4fcf-920d-64d6343d5760",
              "isHook": false,
              "skipped": false
            },
            {
              "title": "verifica mensagens de numero minimo de caracteres no nome",
              "fullTitle": "Login e registro de usuarios alura pic verifica mensagens de numero minimo de caracteres no nome",
              "timedOut": null,
              "duration": 744,
              "state": "passed",
              "speed": "fast",
              "pass": true,
              "fail": false,
              "pending": false,
              "context": null,
              "code": "cy.contains(`a`, `Register now`).click();\ncy.contains(`button`, `Register`).click();\ncy.get(`input[formcontrolname=\"fullName\"]`).type(`n`);\ncy.contains(`button`, `Register`).click();\ncy.contains(`ap-vmessage`, `Mininum length is 2`).should(`be.visible`);",
              "err": {},
              "uuid": "3c9b3f0c-304e-4c24-aff3-53b5cac88d64",
              "parentUUID": "99510766-d59c-4fcf-920d-64d6343d5760",
              "isHook": false,
              "skipped": false
            }
          ],
          "suites": [],
          "passes": [
            "1558bf62-0e26-40eb-8edf-8e4490e84503",
            "e263fd57-821b-4289-87e0-2d4a115d8a5e",
            "ce37571d-1b41-4c16-ad35-59827c3ad6fa",
            "cd6c8c96-594e-478e-919c-29aa3b6ab728",
            "8070c59d-8eb2-472f-85a0-0e84c3329409",
            "eb879515-96d5-457d-9dbf-4d658f895ebb",
            "9a59d1ce-132b-4507-81d5-4d5eaddbdf1e",
            "3c9b3f0c-304e-4c24-aff3-53b5cac88d64"
          ],
          "failures": [],
          "pending": [],
          "skipped": [],
          "duration": 7991,
          "root": false,
          "rootEmpty": false,
          "_timeout": 2000
        }
      ],
      "passes": [],
      "failures": [],
      "pending": [],
      "skipped": [],
      "duration": 0,
      "root": true,
      "rootEmpty": true,
      "_timeout": 2000
    }
  ],
  "meta": {
    "mocha": {
      "version": "7.0.1"
    },
    "mochawesome": {
      "options": {
        "quiet": false,
        "reportFilename": "mochawesome",
        "saveHtml": true,
        "saveJson": true,
        "consoleReporter": "spec",
        "useInlineDiffs": false,
        "code": true
      },
      "version": "7.1.3"
    },
    "marge": {
      "options": null,
      "version": "6.2.0"
    }
  }
}